<?xml version="1.0" encoding="UTF-8" ?>
<testsuite tests="11" failures="0" name="tutorial.LinkedList_ESTest" time="0.029" errors="0" skipped="0">
  <properties>
[...]
</properties>
  <testcase classname="tutorial.LinkedList_ESTest" name="test01" time="0.004"/>
  <testcase classname="tutorial.LinkedList_ESTest" name="test00" time="0.003"/>
  <testcase classname="tutorial.LinkedList_ESTest" name="test10" time="0.002"/>
  <testcase classname="tutorial.LinkedList_ESTest" name="test05" time="0.003"/>
  <testcase classname="tutorial.LinkedList_ESTest" name="test04" time="0.003"/>
  <testcase classname="tutorial.LinkedList_ESTest" name="test03" time="0.003"/>
  <testcase classname="tutorial.LinkedList_ESTest" name="test02" time="0.002"/>
  <testcase classname="tutorial.LinkedList_ESTest" name="test09" time="0.002"/>
  <testcase classname="tutorial.LinkedList_ESTest" name="test08" time="0.003"/>
  <testcase classname="tutorial.LinkedList_ESTest" name="test07" time="0.002"/>
  <testcase classname="tutorial.LinkedList_ESTest" name="test06" time="0.002"/>
</testsuite>